<?xml version="1.0" encoding="UTF-8"?>
<!-- Generated by org.testng.reporters.JUnitXMLReporter -->
<testsuite ignored="0" hostname="DESKTOP-NT35EM5" failures="1" tests="2" name="Test(failed)" time="21.159" errors="0" timestamp="2024-01-13T17:31:07 IST">
  <testcase classname="testPackage.ValidLoginTestCase" name="validLoginMethod" time="0.123">
    <failure type="java.lang.IllegalArgumentException" message="Keys to send should be a not null CharSequence">
      <![CDATA[java.lang.IllegalArgumentException: Keys to send should be a not null CharSequence
at org.openqa.selenium.remote.RemoteWebElement.sendKeys(RemoteWebElement.java:97)
at org.openqa.selenium.support.pagefactory.internal.LocatingElementHandler.invoke(LocatingElementHandler.java:51)
at jdk.proxy2/jdk.proxy2.$Proxy13.sendKeys(Unknown Source)
at pagePackage.LoginPage.validLogin(LoginPage.java:63)
at testPackage.ValidLoginTestCase.validLoginMethod(ValidLoginTestCase.java:24)
at java.base/java.util.ArrayList.forEach(ArrayList.java:1511)
... Removed 31 stack frames]]>
    </failure>
  </testcase> <!-- validLoginMethod -->
  <testcase classname="testPackage.DeleteAll" name="f" time="14.908"/>
</testsuite> <!-- Test(failed) -->
