<?xml version="1.0" encoding="UTF-8"?>
<testng-results ignored="0" total="1" passed="1" failed="0" skipped="0">
  <reporter-output>
    <line>
      <![CDATA[onStart]]>
    </line>
    <line>
      <![CDATA[onTestStart]]>
    </line>
    <line>
      <![CDATA[onTestSuccess]]>
    </line>
  </reporter-output>
  <suite started-at="2024-02-08T22:19:15 IST" name="Default suite" finished-at="2024-02-08T22:19:21 IST" duration-ms="5812">
    <groups>
    </groups>
    <test started-at="2024-02-08T22:19:15 IST" name="Default test" finished-at="2024-02-08T22:19:21 IST" duration-ms="5812">
      <class name="testPackage.ValidLoginTestCase">
        <test-method is-config="true" signature="setUp()[pri:0, instance:testPackage.ValidLoginTestCase@272113c4]" started-at="2024-02-08T22:19:15 IST" name="setUp" finished-at="2024-02-08T22:19:20 IST" duration-ms="4986" status="PASS">
          <reporter-output>
          </reporter-output>
        </test-method> <!-- setUp -->
        <test-method signature="validLoginMethod()[pri:0, instance:testPackage.ValidLoginTestCase@272113c4]" started-at="2024-02-08T22:19:20 IST" name="validLoginMethod" finished-at="2024-02-08T22:19:20 IST" duration-ms="382" status="PASS">
          <reporter-output>
            <line>
              <![CDATA[onTestStart]]>
            </line>
            <line>
              <![CDATA[onTestSuccess]]>
            </line>
          </reporter-output>
        </test-method> <!-- validLoginMethod -->
        <test-method is-config="true" signature="tearDown()[pri:0, instance:testPackage.ValidLoginTestCase@272113c4]" started-at="2024-02-08T22:19:20 IST" name="tearDown" finished-at="2024-02-08T22:19:21 IST" duration-ms="346" status="PASS">
          <reporter-output>
          </reporter-output>
        </test-method> <!-- tearDown -->
      </class> <!-- testPackage.ValidLoginTestCase -->
    </test> <!-- Default test -->
  </suite> <!-- Default suite -->
</testng-results>
